#-----------------------------------------------------------
# Vivado v2018.2 (64-bit)
# SW Build 2258646 on Thu Jun 14 20:03:12 MDT 2018
# IP Build 2256618 on Thu Jun 14 22:10:49 MDT 2018
# Start of session at: Sun May  5 21:27:05 2024
# Process ID: 10440
# Current directory: E:/projects/micro/Micro
# Command line: vivado.exe -gui_launcher_event rodinguilauncherevent1576 E:\projects\micro\Micro\Micro.xpr
# Log file: E:/projects/micro/Micro/vivado.log
# Journal file: E:/projects/micro/Micro\vivado.jou
#-----------------------------------------------------------
start_gui
open_project E:/projects/micro/Micro/Micro.xpr
Scanning sources...
Finished scanning sources
INFO: [IP_Flow 19-234] Refreshing IP repositories
INFO: [IP_Flow 19-1704] No user IP repositories specified
INFO: [IP_Flow 19-2313] Loaded Vivado IP repository 'E:/Vivado/2018.2/data/ip'.
open_project: Time (s): cpu = 00:00:22 ; elapsed = 00:00:36 . Memory (MB): peak = 809.109 ; gain = 131.938
update_compile_order -fileset sources_1
exit
INFO: [Common 17-206] Exiting Vivado at Mon May  6 01:10:54 2024...
