#-----------------------------------------------------------
# Vivado v2018.2 (64-bit)
# SW Build 2258646 on Thu Jun 14 20:03:12 MDT 2018
# IP Build 2256618 on Thu Jun 14 22:10:49 MDT 2018
# Start of session at: Sun May  5 21:17:06 2024
# Process ID: 1660
# Current directory: E:/projects/micro/Micro
# Command line: vivado.exe -gui_launcher_event rodinguilauncherevent7360 E:\projects\micro\Micro\Micro.xpr
# Log file: E:/projects/micro/Micro/vivado.log
# Journal file: E:/projects/micro/Micro\vivado.jou
#-----------------------------------------------------------
start_gui
open_project E:/projects/micro/Micro/Micro.xpr
SScanning sources...FFinished scanning sourcesIINFO: [IP_Flow 19-234] Refreshing IP repositories
INFO: [IP_Flow 19-1704] No user IP repositories specifiedINFO: [IP_Flow 19-2313] Loaded Vivado IP repository 'E:/Vivado/2018.2/data/ip'.
open_project: Time (s): cpu = 00:00:20 ; elapsed = 00:00:46 . Memory (MB): peak = 796.664 ; gain = 102.516
update_compile_order -fileset sources_1
close [ open E:/projects/micro/Micro/Micro.srcs/sources_1/new/ALU.v w ]
add_files E:/projects/micro/Micro/Micro.srcs/sources_1/new/ALU.v
update_compile_order -fileset sources_1
set_property SOURCE_SET sources_1 [get_filesets sim_1]
close [ open E:/projects/micro/Micro/Micro.srcs/sim_1/new/ALU_tb.v w ]
add_files -fileset sim_1 E:/projects/micro/Micro/Micro.srcs/sim_1/new/ALU_tb.v
update_compile_order -fileset sim_1
exit
INFO: [Common 17-206] Exiting Vivado at Sun May  5 21:21:45 2024...
